<?xml version="1.0" encoding="UTF-8"?>
<!-- Generated by org.testng.reporters.JUnitXMLReporter -->
<testsuite hostname="INaswathyn.local" name="Functional-Tests" tests="5" failures="0" timestamp="10 Dec 2015 04:14:33 GMT" time="4.793" errors="0">
  <testcase name="validLoginTest" time="0.016" classname="com.testScript.LoginTests">
    <skipped/>
  </testcase> <!-- validLoginTest -->
  <testcase name="defaultHotelSelectionTest" time="0.0" classname="com.testScript.SelectHotelValidationTest">
    <skipped/>
  </testcase> <!-- defaultHotelSelectionTest -->
  <testcase name="orderIdPresentTest" time="0.001" classname="com.testScript.BookHotelConfirmTests">
    <skipped/>
  </testcase> <!-- orderIdPresentTest -->
  <testcase name="searchOrderIdTest" time="0.0" classname="com.testScript.BookHotelConfirmTests">
    <skipped/>
  </testcase> <!-- searchOrderIdTest -->
  <testcase name="cancelOrderButtonTest" time="0.001" classname="com.testScript.CancelOrderIdsTests">
    <skipped/>
  </testcase> <!-- cancelOrderButtonTest -->
</testsuite> <!-- Functional-Tests -->
