<?xml version="1.0" encoding="UTF-8"?>
<!-- Generated by org.testng.reporters.JUnitXMLReporter -->
<testsuite hostname="INaswathyn.local" name="Regression-Tests-Firefox" tests="9" failures="0" timestamp="10 Dec 2015 04:14:38 GMT" time="5.125" errors="0">
  <testcase name="registerNewUserNavigationTest" time="0.553" classname="com.testScript.LoginTests"/>
  <testcase name="forgotPasswordLinkNavigationTest" time="0.601" classname="com.testScript.LoginTests"/>
  <testcase name="invalidLoginTest" time="0.0" classname="com.testScript.LoginTests">
    <skipped/>
  </testcase> <!-- invalidLoginTest -->
  <testcase name="validateDropDownsTest" time="0.001" classname="com.testScript.SearchHotelTests">
    <skipped/>
  </testcase> <!-- validateDropDownsTest -->
  <testcase name="checkOutDateIsPastCheckInDateTest" time="0.001" classname="com.testScript.SearchHotelTests">
    <skipped/>
  </testcase> <!-- checkOutDateIsPastCheckInDateTest -->
  <testcase name="checkInDateIsPastTest" time="0.0" classname="com.testScript.SearchHotelTests">
    <skipped/>
  </testcase> <!-- checkInDateIsPastTest -->
  <testcase name="locationNameReflectedInHotelSelectTest" time="0.001" classname="com.testScript.SelectHotelValidationTest">
    <skipped/>
  </testcase> <!-- locationNameReflectedInHotelSelectTest -->
  <testcase name="checkinCheckoutReflectedInHotelSelectTest" time="0.0" classname="com.testScript.SelectHotelValidationTest">
    <skipped/>
  </testcase> <!-- checkinCheckoutReflectedInHotelSelectTest -->
  <testcase name="orderIdPresentTest" time="0.0" classname="com.testScript.BookHotelConfirmTests">
    <skipped/>
  </testcase> <!-- orderIdPresentTest -->
</testsuite> <!-- Regression-Tests-Firefox -->
